[09:59:55] [ServerMain/INFO]: Environment: authHost='https://authserver.mojang.com', accountsHost='https://api.mojang.com', sessionHost='https://sessionserver.mojang.com', servicesHost='https://api.minecraftservices.com', name='PROD'
[09:59:55] [ServerMain/INFO]: Found new data pack file/bukkit, loading it automatically
[09:59:57] [ServerMain/INFO]: Loaded 7 recipes
[09:59:59] [Server thread/INFO]: Starting minecraft server version 1.19.4
[09:59:59] [Server thread/WARN]: ****************************
[09:59:59] [Server thread/WARN]: YOU ARE RUNNING THIS SERVER AS AN ADMINISTRATIVE OR ROOT USER. THIS IS NOT ADVISED.
[09:59:59] [Server thread/WARN]: YOU ARE OPENING YOURSELF UP TO POTENTIAL RISKS WHEN DOING THIS.
[09:59:59] [Server thread/WARN]: FOR MORE INFORMATION, SEE https://madelinemiller.dev/blog/root-minecraft-server/
[09:59:59] [Server thread/WARN]: ****************************
[09:59:59] [Server thread/INFO]: Loading properties
[09:59:59] [Server thread/INFO]: This server is running Paper version git-Paper-550 (MC: 1.19.4) (Implementing API version 1.19.4-R0.1-SNAPSHOT) (Git: 483368e on ver/1.19.4)
[09:59:59] [Server thread/INFO]: Server Ping Player Sample Count: 12
[09:59:59] [Server thread/INFO]: Using 4 threads for Netty based IO
[09:59:59] [Server thread/WARN]: [!] The timings profiler has been enabled but has been scheduled for removal from Paper in the future.
    We recommend installing the spark profiler as a replacement: https://spark.lucko.me/
    For more information please visit: https://github.com/PaperMC/Paper/issues/8948
[09:59:59] [Server thread/INFO]: [ChunkTaskScheduler] Chunk system is using 1 I/O threads, 1 worker threads, and gen parallelism of 1 threads
[10:00:00] [Server thread/WARN]: Failed to load operators list: 
java.lang.IllegalStateException: The file "ops.json" is either empty or corrupt
	at com.google.common.base.Preconditions.checkState(Preconditions.java:502) ~[guava-31.1-jre.jar:?]
	at net.minecraft.server.players.StoredUserList.load(StoredUserList.java:190) ~[?:?]
	at net.minecraft.server.dedicated.DedicatedPlayerList.loadOps(DedicatedPlayerList.java:100) ~[paper-1.19.4.jar:git-Paper-550]
	at net.minecraft.server.dedicated.DedicatedPlayerList.loadAndSaveFiles(DedicatedPlayerList.java:30) ~[paper-1.19.4.jar:git-Paper-550]
	at net.minecraft.server.dedicated.DedicatedServer.initServer(DedicatedServer.java:215) ~[paper-1.19.4.jar:git-Paper-550]
	at net.minecraft.server.MinecraftServer.runServer(MinecraftServer.java:1104) ~[paper-1.19.4.jar:git-Paper-550]
	at net.minecraft.server.MinecraftServer.lambda$spin$0(MinecraftServer.java:320) ~[paper-1.19.4.jar:git-Paper-550]
	at java.lang.Thread.run(Thread.java:1583) ~[?:?]
[10:00:00] [Server thread/INFO]: Default game type: SURVIVAL
[10:00:00] [Server thread/INFO]: Generating keypair
[10:00:01] [Server thread/INFO]: Starting Minecraft server on *:25565
[10:00:01] [Server thread/INFO]: Using epoll channel type
[10:00:01] [Server thread/INFO]: Paper: Using libdeflate (Linux x86_64) compression from Velocity.
[10:00:01] [Server thread/INFO]: Paper: Using OpenSSL 1.1.x (Linux x86_64) cipher from Velocity.
[10:00:03] [Server thread/INFO]: [ViaVersion] Loading server plugin ViaVersion v4.10.2
[10:00:03] [Server thread/INFO]: [ViaVersion] ViaVersion 4.10.2 is now loaded. Registering protocol transformers and injecting...
[10:00:04] [Via-Mappingloader-0/INFO]: [ViaVersion] Loading block connection mappings ...
[10:00:04] [Via-Mappingloader-0/INFO]: [ViaVersion] Using FastUtil Long2ObjectOpenHashMap for block connections
[10:00:04] [Server thread/INFO]: [ViaBackwards] Loading translations...
[10:00:05] [Server thread/INFO]: [ViaBackwards] Registering protocols...
[10:00:05] [Server thread/INFO]: [ViaRewind] Registering protocols...
[10:00:05] [Server thread/INFO]: [ViaBackwards] Loading server plugin ViaBackwards v4.10.2
[10:00:05] [Server thread/INFO]: [ProtocolLib] Loading server plugin ProtocolLib v5.1.0
[10:00:07] [Server thread/INFO]: [ViaRewind] Loading server plugin ViaRewind v3.1.2-SNAPSHOT
[10:00:07] [Server thread/INFO]: Server permissions file permissions.yml is empty, ignoring it
[10:00:07] [Server thread/INFO]: [ProtocolLib] Enabling ProtocolLib v5.1.0
[10:00:07] [Server thread/INFO]: [ViaRewind] Enabling ViaRewind v3.1.2-SNAPSHOT
[10:00:07] [Server thread/WARN]: **** SERVER IS RUNNING IN OFFLINE/INSECURE MODE!
[10:00:07] [Server thread/WARN]: The server will make no attempt to authenticate usernames. Beware.
[10:00:07] [Server thread/WARN]: Whilst this makes it possible to use BungeeCord, unless access to your server is properly restricted, it also opens up the ability for hackers to connect with any username they choose.
[10:00:07] [Server thread/WARN]: Please see http://www.spigotmc.org/wiki/firewall-guide/ for further information.
[10:00:07] [Server thread/WARN]: To change this, set "online-mode" to "true" in the server.properties file.
[10:00:07] [Server thread/INFO]: Preparing level "world"
[10:00:07] [Server thread/INFO]: -------- World Settings For [world] --------
[10:00:07] [Server thread/INFO]: View Distance: 10
[10:00:07] [Server thread/INFO]: Simulation Distance: 10
[10:00:07] [Server thread/INFO]: Item Merge Radius: 2.5
[10:00:07] [Server thread/INFO]: Experience Merge Radius: 3.0
[10:00:07] [Server thread/INFO]: Mob Spawn Range: 4
[10:00:07] [Server thread/INFO]: Item Despawn Rate: 6000
[10:00:07] [Server thread/INFO]: Arrow Despawn Rate: 1200 Trident Respawn Rate:1200
[10:00:07] [Server thread/INFO]: Zombie Aggressive Towards Villager: true
[10:00:07] [Server thread/INFO]: Nerfing mobs spawned from spawners: false
[10:00:07] [Server thread/INFO]: Allow Zombie Pigmen to spawn from portal blocks: true
[10:00:07] [Server thread/INFO]: Cactus Growth Modifier: 100%
[10:00:07] [Server thread/INFO]: Cane Growth Modifier: 100%
[10:00:07] [Server thread/INFO]: Melon Growth Modifier: 100%
[10:00:07] [Server thread/INFO]: Mushroom Growth Modifier: 100%
[10:00:07] [Server thread/INFO]: Pumpkin Growth Modifier: 100%
[10:00:07] [Server thread/INFO]: Sapling Growth Modifier: 100%
[10:00:07] [Server thread/INFO]: Beetroot Growth Modifier: 100%
[10:00:07] [Server thread/INFO]: Carrot Growth Modifier: 100%
[10:00:07] [Server thread/INFO]: Potato Growth Modifier: 100%
[10:00:07] [Server thread/INFO]: TorchFlower Growth Modifier: 100%
[10:00:07] [Server thread/INFO]: Wheat Growth Modifier: 100%
[10:00:07] [Server thread/INFO]: NetherWart Growth Modifier: 100%
[10:00:07] [Server thread/INFO]: Vine Growth Modifier: 100%
[10:00:07] [Server thread/INFO]: Cocoa Growth Modifier: 100%
[10:00:07] [Server thread/INFO]: Bamboo Growth Modifier: 100%
[10:00:07] [Server thread/INFO]: SweetBerry Growth Modifier: 100%
[10:00:07] [Server thread/INFO]: Kelp Growth Modifier: 100%
[10:00:07] [Server thread/INFO]: TwistingVines Growth Modifier: 100%
[10:00:07] [Server thread/INFO]: WeepingVines Growth Modifier: 100%
[10:00:07] [Server thread/INFO]: CaveVines Growth Modifier: 100%
[10:00:07] [Server thread/INFO]: GlowBerry Growth Modifier: 100%
[10:00:07] [Server thread/INFO]: Entity Activation Range: An 32 / Mo 32 / Ra 48 / Mi 16 / Tiv true / Isa false
[10:00:07] [Server thread/INFO]: Entity Tracking Range: Pl 48 / An 48 / Mo 48 / Mi 32 / Di 128 / Other 64
[10:00:07] [Server thread/INFO]: Hopper Transfer: 8 Hopper Check: 1 Hopper Amount: 1 Hopper Can Load Chunks: false
[10:00:07] [Server thread/INFO]: Custom Map Seeds:  Village: 10387312 Desert: 14357617 Igloo: 14357618 Jungle: 14357619 Swamp: 14357620 Monument: 10387313 Ocean: 14357621 Shipwreck: 165745295 End City: 10387313 Slime: 987234911 Nether: 30084232 Mansion: 10387319 Fossil: 14357921 Portal: 34222645
[10:00:07] [Server thread/INFO]: Max TNT Explosions: 100
[10:00:07] [Server thread/INFO]: Tile Max Tick Time: 50ms Entity max Tick Time: 50ms
[10:00:24] [Server thread/INFO]: -------- World Settings For [world_nether] --------
[10:00:24] [Server thread/INFO]: View Distance: 10
[10:00:24] [Server thread/INFO]: Simulation Distance: 10
[10:00:24] [Server thread/INFO]: Item Merge Radius: 2.5
[10:00:24] [Server thread/INFO]: Experience Merge Radius: 3.0
[10:00:24] [Server thread/INFO]: Mob Spawn Range: 4
[10:00:24] [Server thread/INFO]: Item Despawn Rate: 6000
[10:00:24] [Server thread/INFO]: Arrow Despawn Rate: 1200 Trident Respawn Rate:1200
[10:00:24] [Server thread/INFO]: Zombie Aggressive Towards Villager: true
[10:00:24] [Server thread/INFO]: Nerfing mobs spawned from spawners: false
[10:00:24] [Server thread/INFO]: Allow Zombie Pigmen to spawn from portal blocks: true
[10:00:24] [Server thread/INFO]: Cactus Growth Modifier: 100%
[10:00:24] [Server thread/INFO]: Cane Growth Modifier: 100%
[10:00:24] [Server thread/INFO]: Melon Growth Modifier: 100%
[10:00:24] [Server thread/INFO]: Mushroom Growth Modifier: 100%
[10:00:24] [Server thread/INFO]: Pumpkin Growth Modifier: 100%
[10:00:24] [Server thread/INFO]: Sapling Growth Modifier: 100%
[10:00:24] [Server thread/INFO]: Beetroot Growth Modifier: 100%
[10:00:24] [Server thread/INFO]: Carrot Growth Modifier: 100%
[10:00:24] [Server thread/INFO]: Potato Growth Modifier: 100%
[10:00:24] [Server thread/INFO]: TorchFlower Growth Modifier: 100%
[10:00:24] [Server thread/INFO]: Wheat Growth Modifier: 100%
[10:00:24] [Server thread/INFO]: NetherWart Growth Modifier: 100%
[10:00:24] [Server thread/INFO]: Vine Growth Modifier: 100%
[10:00:24] [Server thread/INFO]: Cocoa Growth Modifier: 100%
[10:00:24] [Server thread/INFO]: Bamboo Growth Modifier: 100%
[10:00:24] [Server thread/INFO]: SweetBerry Growth Modifier: 100%
[10:00:24] [Server thread/INFO]: Kelp Growth Modifier: 100%
[10:00:24] [Server thread/INFO]: TwistingVines Growth Modifier: 100%
[10:00:24] [Server thread/INFO]: WeepingVines Growth Modifier: 100%
[10:00:24] [Server thread/INFO]: CaveVines Growth Modifier: 100%
[10:00:24] [Server thread/INFO]: GlowBerry Growth Modifier: 100%
[10:00:24] [Server thread/INFO]: Entity Activation Range: An 32 / Mo 32 / Ra 48 / Mi 16 / Tiv true / Isa false
[10:00:24] [Server thread/INFO]: Entity Tracking Range: Pl 48 / An 48 / Mo 48 / Mi 32 / Di 128 / Other 64
[10:00:24] [Server thread/INFO]: Hopper Transfer: 8 Hopper Check: 1 Hopper Amount: 1 Hopper Can Load Chunks: false
[10:00:24] [Server thread/INFO]: Custom Map Seeds:  Village: 10387312 Desert: 14357617 Igloo: 14357618 Jungle: 14357619 Swamp: 14357620 Monument: 10387313 Ocean: 14357621 Shipwreck: 165745295 End City: 10387313 Slime: 987234911 Nether: 30084232 Mansion: 10387319 Fossil: 14357921 Portal: 34222645
[10:00:24] [Server thread/INFO]: Max TNT Explosions: 100
[10:00:24] [Server thread/INFO]: Tile Max Tick Time: 50ms Entity max Tick Time: 50ms
[10:00:27] [Server thread/INFO]: -------- World Settings For [world_the_end] --------
[10:00:27] [Server thread/INFO]: View Distance: 10
[10:00:27] [Server thread/INFO]: Simulation Distance: 10
[10:00:27] [Server thread/INFO]: Item Merge Radius: 2.5
[10:00:27] [Server thread/INFO]: Experience Merge Radius: 3.0
[10:00:27] [Server thread/INFO]: Mob Spawn Range: 4
[10:00:27] [Server thread/INFO]: Item Despawn Rate: 6000
[10:00:27] [Server thread/INFO]: Arrow Despawn Rate: 1200 Trident Respawn Rate:1200
[10:00:27] [Server thread/INFO]: Zombie Aggressive Towards Villager: true
[10:00:27] [Server thread/INFO]: Nerfing mobs spawned from spawners: false
[10:00:27] [Server thread/INFO]: Allow Zombie Pigmen to spawn from portal blocks: true
[10:00:27] [Server thread/INFO]: Cactus Growth Modifier: 100%
[10:00:27] [Server thread/INFO]: Cane Growth Modifier: 100%
[10:00:27] [Server thread/INFO]: Melon Growth Modifier: 100%
[10:00:27] [Server thread/INFO]: Mushroom Growth Modifier: 100%
[10:00:27] [Server thread/INFO]: Pumpkin Growth Modifier: 100%
[10:00:27] [Server thread/INFO]: Sapling Growth Modifier: 100%
[10:00:27] [Server thread/INFO]: Beetroot Growth Modifier: 100%
[10:00:27] [Server thread/INFO]: Carrot Growth Modifier: 100%
[10:00:27] [Server thread/INFO]: Potato Growth Modifier: 100%
[10:00:27] [Server thread/INFO]: TorchFlower Growth Modifier: 100%
[10:00:27] [Server thread/INFO]: Wheat Growth Modifier: 100%
[10:00:27] [Server thread/INFO]: NetherWart Growth Modifier: 100%
[10:00:27] [Server thread/INFO]: Vine Growth Modifier: 100%
[10:00:27] [Server thread/INFO]: Cocoa Growth Modifier: 100%
[10:00:27] [Server thread/INFO]: Bamboo Growth Modifier: 100%
[10:00:27] [Server thread/INFO]: SweetBerry Growth Modifier: 100%
[10:00:27] [Server thread/INFO]: Kelp Growth Modifier: 100%
[10:00:27] [Server thread/INFO]: TwistingVines Growth Modifier: 100%
[10:00:27] [Server thread/INFO]: WeepingVines Growth Modifier: 100%
[10:00:27] [Server thread/INFO]: CaveVines Growth Modifier: 100%
[10:00:27] [Server thread/INFO]: GlowBerry Growth Modifier: 100%
[10:00:27] [Server thread/INFO]: Entity Activation Range: An 32 / Mo 32 / Ra 48 / Mi 16 / Tiv true / Isa false
[10:00:27] [Server thread/INFO]: Entity Tracking Range: Pl 48 / An 48 / Mo 48 / Mi 32 / Di 128 / Other 64
[10:00:27] [Server thread/INFO]: Hopper Transfer: 8 Hopper Check: 1 Hopper Amount: 1 Hopper Can Load Chunks: false
[10:00:27] [Server thread/INFO]: Custom Map Seeds:  Village: 10387312 Desert: 14357617 Igloo: 14357618 Jungle: 14357619 Swamp: 14357620 Monument: 10387313 Ocean: 14357621 Shipwreck: 165745295 End City: 10387313 Slime: 987234911 Nether: 30084232 Mansion: 10387319 Fossil: 14357921 Portal: 34222645
[10:00:27] [Server thread/INFO]: Max TNT Explosions: 100
[10:00:27] [Server thread/INFO]: Tile Max Tick Time: 50ms Entity max Tick Time: 50ms
[10:00:29] [Server thread/INFO]: Preparing start region for dimension minecraft:overworld
[10:00:29] [Server thread/INFO]: Time elapsed: 327 ms
[10:00:29] [Server thread/INFO]: Preparing start region for dimension minecraft:the_nether
[10:00:29] [Server thread/INFO]: Time elapsed: 270 ms
[10:00:29] [Server thread/INFO]: Preparing start region for dimension minecraft:the_end
[10:00:30] [Server thread/INFO]: Time elapsed: 303 ms
[10:00:30] [Server thread/INFO]: [ViaVersion] Enabling ViaVersion v4.10.2
[10:00:30] [Server thread/INFO]: [ViaVersion] ViaVersion detected server version: 1.19.4 (762)
[10:00:30] [Server thread/INFO]: [ViaBackwards] Enabling ViaBackwards v4.10.2
[10:00:30] [Server thread/INFO]: Running delayed init tasks
[10:00:30] [Server thread/INFO]: Done (31.820s)! For help, type "help"
[10:00:30] [Server thread/INFO]: Timings Reset
[10:00:30] [Craft Scheduler Thread - 5 - ViaVersion/INFO]: [ViaVersion] Finished mapping loading, shutting down loader executor!
[10:00:31] [Server thread/INFO]: [ProtocolLib] The updater found an update: 5.2.0 (Running 5.1.0). Download at https://www.spigotmc.org/resources/protocollib.1997/
[10:07:00] [User Authenticator #0/INFO]: UUID of player user_4785 is 93e6d257-649a-35b3-a552-9a1c9c5c062f
[10:07:00] [Netty Epoll Server IO #3/WARN]: [ViaBackwards] Increased world height is NOT SUPPORTED for 1.16 players and below. They will see a void below y 0 and above 256
[10:07:00] [Server thread/INFO]: user_4785 joined the game
[10:07:00] [Server thread/INFO]: user_4785[/[0:0:0:0:0:0:0:1]:36902] logged in with entity id 268 at ([world]56.5, 72.0, -102.5)
[10:07:01] [Netty Epoll Server IO #3/WARN]: [ViaBackwards] Ignoring plugin channel in serverbound REGISTER: EAG|UpdateCert-1.8
[10:07:01] [Netty Epoll Server IO #3/WARN]: [ViaBackwards] Ignoring plugin channel in serverbound REGISTER: EAG|Voice-1.8
[10:07:01] [Netty Epoll Server IO #3/WARN]: [ViaBackwards] Ignoring plugin channel in serverbound REGISTER: FML
[10:07:01] [Netty Epoll Server IO #3/WARN]: [ViaBackwards] Ignoring plugin channel in serverbound REGISTER: EAG|Skins-1.8
[10:07:01] [Netty Epoll Server IO #3/WARN]: [ViaBackwards] Ignoring plugin channel in serverbound REGISTER: EAG|FNAWSEn-1.8
[10:07:01] [Netty Epoll Server IO #3/WARN]: [ViaBackwards] Ignoring plugin channel in serverbound REGISTER: FORGE
[10:07:01] [Netty Epoll Server IO #3/WARN]: [ViaBackwards] Ignoring plugin channel in serverbound REGISTER: EAG|Capes-1.8
[10:07:35] [Server thread/INFO]: user_4785 lost connection: Timed out
[10:07:35] [Server thread/INFO]: user_4785 left the game
[10:08:45] [User Authenticator #1/INFO]: UUID of player user_4785 is 93e6d257-649a-35b3-a552-9a1c9c5c062f
[10:08:45] [Server thread/INFO]: user_4785 joined the game
[10:08:46] [Server thread/INFO]: user_4785[/[0:0:0:0:0:0:0:1]:60190] logged in with entity id 467 at ([world]56.5, 72.0, -102.5)
[10:08:46] [Netty Epoll Server IO #0/WARN]: [ViaBackwards] Ignoring plugin channel in serverbound REGISTER: EAG|UpdateCert-1.8
[10:08:46] [Netty Epoll Server IO #0/WARN]: [ViaBackwards] Ignoring plugin channel in serverbound REGISTER: EAG|Voice-1.8
[10:08:46] [Netty Epoll Server IO #0/WARN]: [ViaBackwards] Ignoring plugin channel in serverbound REGISTER: FML
[10:08:46] [Netty Epoll Server IO #0/WARN]: [ViaBackwards] Ignoring plugin channel in serverbound REGISTER: EAG|Skins-1.8
[10:08:46] [Netty Epoll Server IO #0/WARN]: [ViaBackwards] Ignoring plugin channel in serverbound REGISTER: EAG|FNAWSEn-1.8
[10:08:46] [Netty Epoll Server IO #0/WARN]: [ViaBackwards] Ignoring plugin channel in serverbound REGISTER: FORGE
[10:08:46] [Netty Epoll Server IO #0/WARN]: [ViaBackwards] Ignoring plugin channel in serverbound REGISTER: EAG|Capes-1.8
[10:10:10] [Server thread/INFO]: Made user_4785 a server operator
[10:10:21] [Server thread/INFO]: user_4785 issued server command: /clear
[10:10:30] [Server thread/INFO]: user_4785 issued server command: /gamemode 0
[10:10:35] [Server thread/INFO]: user_4785 issued server command: /gamemode 1
[10:11:09] [Server thread/INFO]: user_4785 issued server command: /gamemode creative
[10:11:09] [Server thread/INFO]: [user_4785: Set own game mode to Creative Mode]
[10:12:48] [Server thread/INFO]: user_4785 lost connection: Disconnected
[10:12:48] [Server thread/INFO]: user_4785 left the game
[10:12:54] [User Authenticator #2/INFO]: UUID of player user_4785 is 93e6d257-649a-35b3-a552-9a1c9c5c062f
[10:12:54] [Server thread/INFO]: user_4785 joined the game
[10:12:54] [Server thread/INFO]: user_4785[/[0:0:0:0:0:0:0:1]:49022] logged in with entity id 934 at ([world]-5.373625401999239, 64.0, -65.19252281100768)
[10:12:54] [Netty Epoll Server IO #1/WARN]: [ViaBackwards] Ignoring plugin channel in serverbound REGISTER: EAG|UpdateCert-1.8
[10:12:54] [Netty Epoll Server IO #1/WARN]: [ViaBackwards] Ignoring plugin channel in serverbound REGISTER: EAG|Voice-1.8
[10:12:54] [Netty Epoll Server IO #1/WARN]: [ViaBackwards] Ignoring plugin channel in serverbound REGISTER: FML
[10:12:54] [Netty Epoll Server IO #1/WARN]: [ViaBackwards] Ignoring plugin channel in serverbound REGISTER: EAG|Skins-1.8
[10:12:54] [Netty Epoll Server IO #1/WARN]: [ViaBackwards] Ignoring plugin channel in serverbound REGISTER: EAG|FNAWSEn-1.8
[10:12:54] [Netty Epoll Server IO #1/WARN]: [ViaBackwards] Ignoring plugin channel in serverbound REGISTER: FORGE
[10:12:54] [Netty Epoll Server IO #1/WARN]: [ViaBackwards] Ignoring plugin channel in serverbound REGISTER: EAG|Capes-1.8
[10:15:21] [Server thread/INFO]: user_4785 lost connection: Disconnected
[10:15:21] [Server thread/INFO]: user_4785 left the game
[10:15:47] [User Authenticator #3/INFO]: UUID of player user_4785 is 93e6d257-649a-35b3-a552-9a1c9c5c062f
[10:15:47] [Server thread/INFO]: user_4785 joined the game
[10:15:47] [Server thread/INFO]: user_4785[/[0:0:0:0:0:0:0:1]:49368] logged in with entity id 1188 at ([world]50.69999998807907, 72.0, -115.05420511797855)
[10:15:47] [Netty Epoll Server IO #2/WARN]: [ViaBackwards] Ignoring plugin channel in serverbound REGISTER: EAG|UpdateCert-1.8
[10:15:47] [Netty Epoll Server IO #2/WARN]: [ViaBackwards] Ignoring plugin channel in serverbound REGISTER: EAG|Voice-1.8
[10:15:47] [Netty Epoll Server IO #2/WARN]: [ViaBackwards] Ignoring plugin channel in serverbound REGISTER: FML
[10:15:47] [Netty Epoll Server IO #2/WARN]: [ViaBackwards] Ignoring plugin channel in serverbound REGISTER: EAG|Skins-1.8
[10:15:47] [Netty Epoll Server IO #2/WARN]: [ViaBackwards] Ignoring plugin channel in serverbound REGISTER: EAG|FNAWSEn-1.8
[10:15:47] [Netty Epoll Server IO #2/WARN]: [ViaBackwards] Ignoring plugin channel in serverbound REGISTER: FORGE
[10:15:47] [Netty Epoll Server IO #2/WARN]: [ViaBackwards] Ignoring plugin channel in serverbound REGISTER: EAG|Capes-1.8
[10:16:07] [Server thread/INFO]: user_4785 issued server command: /help
[10:16:35] [Server thread/INFO]: user_4785 issued server command: /help ViaVersion
[10:16:43] [Server thread/INFO]: user_4785 issued server command: /viaversions
[10:17:27] [Server thread/INFO]: user_4785 issued server command: /locate
[10:17:59] [Server thread/INFO]: Unknown or incomplete command, see below for error
locate<--[HERE]
[10:19:29] [Server thread/INFO]: user_4785 lost connection: Disconnected
[10:19:29] [Server thread/INFO]: user_4785 left the game
[10:21:05] [User Authenticator #4/INFO]: UUID of player user_4785 is 93e6d257-649a-35b3-a552-9a1c9c5c062f
[10:21:05] [Server thread/INFO]: user_4785 joined the game
[10:21:05] [Server thread/INFO]: user_4785[/[0:0:0:0:0:0:0:1]:40752] logged in with entity id 1983 at ([world]307.0919701088849, 121.60210228175596, -93.69343333675181)
[10:21:05] [Netty Epoll Server IO #3/WARN]: [ViaBackwards] Ignoring plugin channel in serverbound REGISTER: EAG|UpdateCert-1.8
[10:21:05] [Netty Epoll Server IO #3/WARN]: [ViaBackwards] Ignoring plugin channel in serverbound REGISTER: EAG|Voice-1.8
[10:21:05] [Netty Epoll Server IO #3/WARN]: [ViaBackwards] Ignoring plugin channel in serverbound REGISTER: FML
[10:21:05] [Netty Epoll Server IO #3/WARN]: [ViaBackwards] Ignoring plugin channel in serverbound REGISTER: EAG|Skins-1.8
[10:21:05] [Netty Epoll Server IO #3/WARN]: [ViaBackwards] Ignoring plugin channel in serverbound REGISTER: EAG|FNAWSEn-1.8
[10:21:05] [Netty Epoll Server IO #3/WARN]: [ViaBackwards] Ignoring plugin channel in serverbound REGISTER: FORGE
[10:21:05] [Netty Epoll Server IO #3/WARN]: [ViaBackwards] Ignoring plugin channel in serverbound REGISTER: EAG|Capes-1.8
[10:25:03] [Server thread/INFO]: user_4785 has made the advancement [Ice Bucket Challenge]
[10:25:30] [Server thread/INFO]: user_4785 has made the advancement [We Need to Go Deeper]
[10:26:48] [Server thread/INFO]: user_4785 issued server command: /gamemode survivor
[10:26:53] [Server thread/INFO]: user_4785 issued server command: /gamemode survival
[10:26:53] [Server thread/INFO]: [user_4785: Set own game mode to Survival Mode]
[10:27:02] [Server thread/INFO]: user_4785 was slain by Piglin
[10:27:09] [Async Chat Thread - #0/INFO]: [Not Secure] <user_4785> gg
[10:27:27] [Server thread/INFO]: user_4785 lost connection: Disconnected
[10:27:27] [Server thread/INFO]: user_4785 left the game
[10:27:36] [User Authenticator #5/INFO]: UUID of player user_4785 is 93e6d257-649a-35b3-a552-9a1c9c5c062f
[10:27:36] [Netty Epoll Server IO #0/WARN]: [ViaBackwards] Ignoring plugin channel in serverbound REGISTER: EAG|UpdateCert-1.8
[10:27:36] [Netty Epoll Server IO #0/WARN]: [ViaBackwards] Ignoring plugin channel in serverbound REGISTER: EAG|Voice-1.8
[10:27:36] [Netty Epoll Server IO #0/WARN]: [ViaBackwards] Ignoring plugin channel in serverbound REGISTER: FML
[10:27:36] [Netty Epoll Server IO #0/WARN]: [ViaBackwards] Ignoring plugin channel in serverbound REGISTER: EAG|Skins-1.8
[10:27:36] [Netty Epoll Server IO #0/WARN]: [ViaBackwards] Ignoring plugin channel in serverbound REGISTER: EAG|FNAWSEn-1.8
[10:27:36] [Netty Epoll Server IO #0/WARN]: [ViaBackwards] Ignoring plugin channel in serverbound REGISTER: FORGE
[10:27:36] [Netty Epoll Server IO #0/WARN]: [ViaBackwards] Ignoring plugin channel in serverbound REGISTER: EAG|Capes-1.8
[10:27:36] [Server thread/INFO]: user_4785 joined the game
[10:27:36] [Server thread/INFO]: user_4785[/[0:0:0:0:0:0:0:1]:47328] logged in with entity id 3844 at ([world]76.23563520422113, 75.0, -100.59639634864321)
[10:27:46] [Server thread/INFO]: user_4785 lost connection: Disconnected
[10:27:46] [Server thread/INFO]: user_4785 left the game
